<?xml version="1.0" encoding="UTF-8"?>
<testsuite name="org.cmgg919.user.domain.UserInfoTest" tests="1" skipped="0" failures="0" errors="0" timestamp="2025-01-05T03:23:20" hostname="Mac" time="0.006">
  <properties/>
  <testcase name="givenNameAndProfileImage_whenCreated_thenThrowNothing()" classname="org.cmgg919.user.domain.UserInfoTest" time="0.006"/>
  <system-out><![CDATA[]]></system-out>
  <system-err><![CDATA[]]></system-err>
</testsuite>
